<?xml version="1.0" encoding="UTF-8"?>
<testng-results skipped="0" failed="0" ignored="0" total="1" passed="1">
  <reporter-output>
  </reporter-output>
  <suite name="Surefire suite" duration-ms="50" started-at="2020-12-14T23:07:28Z" finished-at="2020-12-14T23:07:28Z">
    <groups>
    </groups>
    <test name="Surefire test" duration-ms="50" started-at="2020-12-14T23:07:28Z" finished-at="2020-12-14T23:07:28Z">
      <class name="com.techfios.POMChoiceAdvantageProject.AppTest">
        <test-method status="PASS" signature="shouldAnswerWithTrue()" name="shouldAnswerWithTrue" duration-ms="8" started-at="2020-12-14T23:07:28Z" finished-at="2020-12-14T23:07:28Z">
          <reporter-output>
          </reporter-output>
        </test-method> <!-- shouldAnswerWithTrue -->
      </class> <!-- com.techfios.POMChoiceAdvantageProject.AppTest -->
    </test> <!-- Surefire test -->
  </suite> <!-- Surefire suite -->
</testng-results>
