<?xml version="1.0" encoding="UTF-8"?>
<testng-results skipped="0" failed="0" ignored="0" total="1" passed="1">
  <reporter-output>
  </reporter-output>
  <suite name="Default suite" duration-ms="10065" started-at="2021-04-26T17:17:40Z" finished-at="2021-04-26T17:17:50Z">
    <groups>
    </groups>
    <test name="Default test" duration-ms="10065" started-at="2021-04-26T17:17:40Z" finished-at="2021-04-26T17:17:50Z">
      <class name="test.LoginTest">
        <test-method status="PASS" signature="login()[pri:0, instance:test.LoginTest@cc285f4]" name="login" duration-ms="10047" started-at="2021-04-26T17:17:40Z" finished-at="2021-04-26T17:17:50Z">
          <reporter-output>
          </reporter-output>
        </test-method> <!-- login -->
      </class> <!-- test.LoginTest -->
    </test> <!-- Default test -->
  </suite> <!-- Default suite -->
</testng-results>
